----------------------------------------Query 3.0---------------------------------------------------------
CREATE MATERIALIZED VIEW TEMP_TABLE AS
SELECT bh.name,i.code,COUNT(*) AS TOTAL
FROM base_hospital bh JOIN hospital h on bh.id = h.id_base_hospital
     JOIN doctor d on h.id = d.hospital_id
     JOIN check_up cu on d.id = cu.doctor_id
     JOIN check_up_icd cui on cu.id = cui.check_up_id
     JOIN icd_10 i on cui.icd_id = i.id
WHERE cu.date >= '2019-01-01' AND cu.date <= '2019-12-31'
GROUP BY bh.name,i.code;

--Query plan
--HashAggregate  (cost=1376.84..1482.86 rows=10602 width=130)
--  Group Key: bh.name, i.code
--  ->  Hash Join  (cost=1109.11..1297.32 rows=10602 width=122)
--        Hash Cond: (cui.icd_id = i.id)
--        ->  Merge Join  (cost=820.11..980.48 rows=10602 width=122)
--              Merge Cond: (cu.id = cui.check_up_id)
--              ->  Nested Loop  (cost=0.72..14253.09 rows=10602 width=122)
--                    Join Filter: (h.id_base_hospital = bh.id)
--                    ->  Nested Loop  (cost=0.72..12668.17 rows=10602 width=8)
--                          ->  Nested Loop  (cost=0.57..10867.28 rows=10602 width=8)
--                                ->  Index Scan using check_up_pkey on check_up cu  (cost=0.29..406.29 rows=10000 width=8)
--                                      Filter: ((date >= '2019-01-01'::date) AND (date <= '2019-12-31'::date))
--                                ->  Append  (cost=0.29..1.02 rows=3 width=8)
--                                      ->  Index Scan using idx_doctor on doctor d  (cost=0.29..0.35 rows=1 width=8)
--                                            Index Cond: (id = cu.doctor_id)
--                                      ->  Index Scan using idx_medical_specialist on medical_specialist d_1  (cost=0.29..0.35 rows=1 width=8)
--                                            Index Cond: (id = cu.doctor_id)
--                                      ->  Index Scan using general_practitioner_pkey on general_practitioner d_2  (cost=0.28..0.30 rows=1 width=8)
--                                            Index Cond: (id = cu.doctor_id)
--                          ->  Index Scan using hospital_pkey on hospital h  (cost=0.15..0.17 rows=1 width=8)
--                                Index Cond: (id = d.hospital_id)
--                    ->  Materialize  (cost=0.00..1.15 rows=10 width=122)
--                          ->  Seq Scan on base_hospital bh  (cost=0.00..1.10 rows=10 width=122)
--              ->  Sort  (cost=819.39..844.39 rows=10000 width=8)
--                    Sort Key: cui.check_up_id
--                    ->  Seq Scan on check_up_icd cui  (cost=0.00..155.00 rows=10000 width=8)
--        ->  Hash  (cost=164.00..164.00 rows=10000 width=8)
--              ->  Seq Scan on icd_10 i  (cost=0.00..164.00 rows=10000 width=8)


--Total cost(1482.86)

----------------------------------------Query 3.1---------------------------------------------------------
EXPLAIN SELECT name,MAX(TOTAL) AS MAX_CODE
INTO TEMP_TABLE_2
FROM TEMP_TABLE
GROUP BY name;

--QUERY PLAN--
--HashAggregate  (cost=72.37..74.37 rows=200 width=126)
--  Group Key: name
--  ->  Seq Scan on temp_table  (cost=0.00..61.91 rows=2091 width=126)

--Total cost(74.37)

----------------------------------------Query 3.2---------------------------------------------------------

EXPLAIN SELECT T1.name,T1.code
FROM TEMP_TABLE T1 , TEMP_TABLE_2 T2
WHERE T1.name = T2.name AND T1.TOTAL = T2.MAX_CODE

--Query plan

--Merge Join  (cost=216.51..236.45 rows=28 width=122)
-- Merge Cond: (((t1.name)::text = (t2.name)::text) AND (t1.total = t2.max_code))
-- ->  Sort  (cost=177.23..182.46 rows=2091 width=130)
--       Sort Key: t1.name, t1.total
--       ->  Seq Scan on temp_table t1  (cost=0.00..61.91 rows=2091 width=130)
-- ->  Sort  (cost=39.28..40.61 rows=530 width=126)
--       Sort Key: t2.name, t2.max_code
--       ->  Seq Scan on temp_table_2 t2  (cost=0.00..15.30 rows=530 width=126)

--Total cost(236.45)

-----------------------------------------------------------------------------------------------------------

--Final total cost(1482.86 +74.37 + 236.45 = 1,793.68â€¬ )